<?xml version="1.0" encoding="UTF-8"?>
<!-- Generated by org.testng.reporters.JUnitXMLReporter -->
<testsuite ignored="0" hostname="DESKTOP-LMKUKFJ" failures="0" tests="3" name="Default test" time="79.429" errors="0" timestamp="2023-10-30T00:15:50 IST">
  <testcase classname="Freedo_domain.TEST" name="TC_002_verify_select_pickup_location_date_and_packages" time="8.576"/>
  <testcase classname="Freedo_domain.TEST" name="TC_0052_verify_install_apk" time="21.012"/>
  <testcase classname="Freedo_domain.TEST" name="TC_0052_Freddo_apk" time="16.745"/>
</testsuite> <!-- Default test -->
