<?xml version="1.0" encoding="UTF-8"?>
<!-- Generated by org.testng.reporters.JUnitXMLReporter -->
<testsuite ignored="0" hostname="DESKTOP-LMKUKFJ" failures="1" tests="12" name="Default test" time="263.324" errors="0" timestamp="2023-04-20T22:02:53 IST">
  <testcase classname="Freedo_domain.appium_0" name="TC_001_verify_install_apk" time="0.064"/>
  <testcase classname="Freedo_domain.appium_0" name="TC_002_verify_select_pickup_location_date_and_packages" time="6.56"/>
  <testcase classname="Freedo_domain.appium_0" name="TC_003_Verify_the_NEXT_button_clicking" time="3.203"/>
  <testcase classname="Freedo_domain.appium_0" name="TC_004_Verify_the_NEXT_button_clicking" time="3.216"/>
  <testcase classname="Freedo_domain.appium_0" name="TC_005_Verify_the_slide_indicator" time="135.75"/>
  <testcase classname="Freedo_domain.appium_0" name="TC_006_Verify_the_Done_button_clicking" time="28.219"/>
  <testcase classname="Freedo_domain.appium_0" name="appium_1_TC_003_Verify_login_component" time="39.329"/>
  <testcase classname="Freedo_domain.appium_0" name="appium_1_TC_004_1_Verify_login_functionality_Register_mo_number" time="3.765"/>
  <testcase classname="Freedo_domain.appium_0" name="appium_1_TC_004_2_Verify_OTP_Verification_Page" time="25.163">
    <failure type="java.lang.NullPointerException" message="Cannot invoke &amp;quot;com.utility.listner.onTestFailure(org.testng.ITestResult)&amp;quot; because &amp;quot;com.utility.library.listner&amp;quot; is null">
      <![CDATA[java.lang.NullPointerException: Cannot invoke "com.utility.listner.onTestFailure(org.testng.ITestResult)" because "com.utility.library.listner" is null
at com.utility.library.isDisplayed(library.java:307)
at Freedo_domain.appium_0.appium_1_TC_004_2_Verify_OTP_Verification_Page(appium_0.java:120)
at java.base/jdk.internal.reflect.NativeMethodAccessorImpl.invoke0(Native Method)
at java.base/jdk.internal.reflect.NativeMethodAccessorImpl.invoke(NativeMethodAccessorImpl.java:77)
at java.base/jdk.internal.reflect.DelegatingMethodAccessorImpl.invoke(DelegatingMethodAccessorImpl.java:43)
at java.base/java.lang.reflect.Method.invoke(Method.java:568)
at org.testng.internal.MethodInvocationHelper.invokeMethod(MethodInvocationHelper.java:133)
at org.testng.internal.TestInvoker.invokeMethod(TestInvoker.java:598)
at org.testng.internal.TestInvoker.invokeTestMethod(TestInvoker.java:173)
at org.testng.internal.MethodRunner.runInSequence(MethodRunner.java:46)
at org.testng.internal.TestInvoker$MethodInvocationAgent.invoke(TestInvoker.java:824)
at org.testng.internal.TestInvoker.invokeTestMethods(TestInvoker.java:146)
at org.testng.internal.TestMethodWorker.invokeTestMethods(TestMethodWorker.java:146)
at org.testng.internal.TestMethodWorker.run(TestMethodWorker.java:128)
at java.base/java.util.ArrayList.forEach(ArrayList.java:1511)
at org.testng.TestRunner.privateRun(TestRunner.java:794)
at org.testng.TestRunner.run(TestRunner.java:596)
at org.testng.SuiteRunner.runTest(SuiteRunner.java:377)
at org.testng.SuiteRunner.runSequentially(SuiteRunner.java:371)
at org.testng.SuiteRunner.privateRun(SuiteRunner.java:332)
at org.testng.SuiteRunner.run(SuiteRunner.java:276)
at org.testng.SuiteRunnerWorker.runSuite(SuiteRunnerWorker.java:53)
at org.testng.SuiteRunnerWorker.run(SuiteRunnerWorker.java:96)
at org.testng.TestNG.runSuitesSequentially(TestNG.java:1212)
at org.testng.TestNG.runSuitesLocally(TestNG.java:1134)
at org.testng.TestNG.runSuites(TestNG.java:1063)
at org.testng.TestNG.run(TestNG.java:1031)
at org.testng.remote.AbstractRemoteTestNG.run(AbstractRemoteTestNG.java:115)
at org.testng.remote.RemoteTestNG.initAndRun(RemoteTestNG.java:251)
at org.testng.remote.RemoteTestNG.main(RemoteTestNG.java:77)
]]>
    </failure>
  </testcase> <!-- appium_1_TC_004_2_Verify_OTP_Verification_Page -->
  <testcase classname="Freedo_domain.appium_0" name="appium_1_TC_004_3_Select_location" time="0.0">
    <skipped/>
  </testcase> <!-- appium_1_TC_004_3_Select_location -->
  <testcase classname="Freedo_domain.appium_0" name="appium_1_TC_005_verify_all__City" time="0.0">
    <skipped/>
  </testcase> <!-- appium_1_TC_005_verify_all__City -->
  <testcase classname="Freedo_domain.appium_0" name="appium_1_TC_006_Select_all__City" time="0.0">
    <skipped/>
  </testcase> <!-- appium_1_TC_006_Select_all__City -->
</testsuite> <!-- Default test -->
