<?xml version="1.0" encoding="UTF-8"?>
<!-- Generated by org.testng.reporters.JUnitXMLReporter -->
<testsuite ignored="1" hostname="DESKTOP-19KQ7J4" failures="0" tests="3" name="chrome" time="22.292" errors="0" timestamp="2022-12-19T18:12:42 IST">
  <testcase classname="Freedo_domain.TC_0001" name="Login_FB" time="0.496"/>
  <testcase classname="Freedo_domain.TC_0001" name="verify_FB" time="0.003"/>
  <testcase classname="Freedo_domain.TC_0002" name="Justcheck" time="0.002"/>
  <testcase classname="com.utility.base_class" name="@BeforeSuite BS" time="0.0">
    <ignored/>
  </testcase> <!-- @BeforeSuite BS -->
</testsuite> <!-- chrome -->
