<?xml version="1.0" encoding="UTF-8"?>
<!-- Generated by org.testng.reporters.JUnitXMLReporter -->
<testsuite ignored="2" hostname="DESKTOP-LMKUKFJ" failures="1" tests="37" name="Test" time="401.937" errors="0" timestamp="2023-05-11T17:12:40 IST">
  <testcase classname="Freedo_domain.appium_0" name="TC_001_verify_install_apk" time="0.084"/>
  <testcase classname="Freedo_domain.appium_0" name="TC_002_verify_select_pickup_location_date_and_packages" time="6.865"/>
  <testcase classname="Freedo_domain.appium_0" name="TC_003_Verify_the_NEXT_button_clicking" time="3.662"/>
  <testcase classname="Freedo_domain.appium_0" name="TC_004_Verify_the_NEXT_button_clicking" time="3.557"/>
  <testcase classname="Freedo_domain.appium_0" name="TC_005_Verify_the_slide_indicator" time="0.368"/>
  <testcase classname="Freedo_domain.appium_0" name="TC_006_Verify_the_Done_button_clicking" time="0.305"/>
  <testcase classname="Freedo_domain.appium_0" name="TC_007_Verify_login_component" time="1.831"/>
  <testcase classname="Freedo_domain.appium_0" name="TC_008_Verify_login_functionality_Register_mo_number" time="3.863"/>
  <testcase classname="Freedo_domain.appium_0" name="TC_009_verify_create_an_account_by_clicking_login_page" time="3.374"/>
  <testcase classname="Freedo_domain.appium_0" name="TC_0010_verify_user_able_to_create_an_account" time="13.614"/>
  <testcase classname="Freedo_domain.appium_0" name="TC_0011_verify_Terms_and_condition_link_on_create_an_account_page" time="14.653"/>
  <testcase classname="Freedo_domain.appium_0" name="TC_0012_verify_Privacy_and_policy_link_on_create_an_account_page" time="2.855"/>
  <testcase classname="Freedo_domain.appium_0" name="TC_0013_verify_Privacy_policy_under_delete_dropdown_all_element" time="4.307"/>
  <testcase classname="Freedo_domain.appium_0" name="TC_0014_verify_Privacy_policy_under_Privacy_policy_dropdown_all_element" time="5.64"/>
  <testcase classname="Freedo_domain.appium_0" name="TC_0015_verify_login_button_on_create_an_account_page" time="3.596"/>
  <testcase classname="Freedo_domain.appium_0" name="TC_0016_Verify_login_functionality_Register_mo_number" time="5.856"/>
  <testcase classname="Freedo_domain.appium_0" name="TC_0017_Verify_otp_verification_time_slot" time="3.748"/>
  <testcase classname="Freedo_domain.appium_0" name="TC_0018_Verify_OTP_Verification_Page" time="8.541"/>
  <testcase classname="Freedo_domain.appium_0" name="TC_0019_Select_location" time="14.652"/>
  <testcase classname="Freedo_domain.appium_0" name="TC_0020_verify_user_select_City" time="1.78"/>
  <testcase classname="Freedo_domain.appium_0" name="TC_0021_Search_wrong_city_name" time="4.513"/>
  <testcase classname="Freedo_domain.appium_0" name="TC_0022_Search_city_name" time="4.953"/>
  <testcase classname="Freedo_domain.appium_0" name="TC_0023_Select_all__City" time="3.675"/>
  <testcase classname="Freedo_domain.appium_1" name="TC_0024_Verify_home_page_all_elements" time="23.981"/>
  <testcase classname="Freedo_domain.appium_1" name="TC_0025_Verify_available_all_bikes" time="20.811"/>
  <testcase classname="Freedo_domain.appium_1" name="TC_0026_Verify_available_all_Scooters" time="4.022"/>
  <testcase classname="Freedo_domain.appium_1" name="TC_0027_Verify_homepage_bike_rentals_tab_available_bike" time="15.649"/>
  <testcase classname="Freedo_domain.appium_1" name="TC_0028_Verify_Rent_tab_all_elements" time="9.578"/>
  <testcase classname="Freedo_domain.appium_1" name="TC_0029_Verify_freedo_rental_icon" time="3.081"/>
  <testcase classname="Freedo_domain.appium_1" name="TC_0030_Verify_more_button_all_elements" time="16.418"/>
  <testcase classname="Freedo_domain.appium_1" name="TC_0031_Verify_Booking_elements" time="25.268"/>
  <testcase classname="Freedo_domain.appium_1" name="TC_0032_Verify_Booking_elements" time="13.982"/>
  <testcase classname="Freedo_domain.appium_1" name="TC_0033_Verify_Bike_button_on_homepage" time="11.392"/>
  <testcase classname="Freedo_domain.appium_1" name="TC_0034_Verify_scooter_button_on_homepage" time="9.013"/>
  <testcase classname="Freedo_domain.appium_1" name="TC_0035_Verify_user_able_to_select_date_and_package_under_booking" time="85.013">
    <failure type="org.openqa.selenium.NoSuchElementException" message="An element could not be located on the page using the given search parameters.
For documentation on this error, please visit: https://selenium.dev/exceptions/#no_such_element
Build info: version: &amp;apos;4.8.1&amp;apos;, revision: &amp;apos;8ebccac989&amp;apos;
System info: os.name: &amp;apos;Windows 10&amp;apos;, os.arch: &amp;apos;amd64&amp;apos;, os.version: &amp;apos;10.0&amp;apos;, java.version: &amp;apos;17.0.6&amp;apos;
Driver info: io.appium.java_client.android.AndroidDriver
Command: [c8f29bd0-c2e4-4de7-adab-84fff77d2bdc, findElement {using=xpath, value=//android.widget.ImageButton[@content-desc=&amp;apos;Next month&amp;apos;]}]
Capabilities {appium:app: C:\Users\QA\Documents\GitHu..., appium:appPackage: com.heerofreedo, appium:automationName: uiautomator2, appium:avd: Pixel_6, appium:avdLaunchTimeout: 600000, appium:databaseEnabled: false, appium:desired: {app: C:\Users\QA\Documents\GitHu..., automationName: uiautomator2, avd: Pixel_6, avdLaunchTimeout: 600000, deviceName: pixel_6, ensureWebviewsHavePages: true, nativeWebScreenshot: true, newCommandTimeout: 66000, platformName: android, udid: emulator-5554}, appium:deviceApiLevel: 33, appium:deviceManufacturer: Google, appium:deviceModel: sdk_gphone64_x86_64, appium:deviceName: emulator-5554, appium:deviceScreenDensity: 560, appium:deviceScreenSize: 1440x3120, appium:deviceUDID: emulator-5554, appium:ensureWebviewsHavePages: true, appium:javascriptEnabled: true, appium:locationContextEnabled: false, appium:nativeWebScreenshot: true, appium:networkConnectionEnabled: true, appium:newCommandTimeout: 66000, appium:pixelRatio: 3.5, appium:platformVersion: 13, appium:statBarHeight: 84, appium:takesScreenshot: true, appium:udid: emulator-5554, appium:viewportRect: {height: 2952, left: 0, top: 84, width: 1440}, appium:warnings: {}, appium:webStorageEnabled: false, platformName: ANDROID}
Session ID: c8f29bd0-c2e4-4de7-adab-84fff77d2bdc">
      <![CDATA[org.openqa.selenium.NoSuchElementException: An element could not be located on the page using the given search parameters.
For documentation on this error, please visit: https://selenium.dev/exceptions/#no_such_element
Build info: version: '4.8.1', revision: '8ebccac989'
System info: os.name: 'Windows 10', os.arch: 'amd64', os.version: '10.0', java.version: '17.0.6'
Driver info: io.appium.java_client.android.AndroidDriver
Command: [c8f29bd0-c2e4-4de7-adab-84fff77d2bdc, findElement {using=xpath, value=//android.widget.ImageButton[@content-desc='Next month']}]
Capabilities {appium:app: C:\Users\QA\Documents\GitHu..., appium:appPackage: com.heerofreedo, appium:automationName: uiautomator2, appium:avd: Pixel_6, appium:avdLaunchTimeout: 600000, appium:databaseEnabled: false, appium:desired: {app: C:\Users\QA\Documents\GitHu..., automationName: uiautomator2, avd: Pixel_6, avdLaunchTimeout: 600000, deviceName: pixel_6, ensureWebviewsHavePages: true, nativeWebScreenshot: true, newCommandTimeout: 66000, platformName: android, udid: emulator-5554}, appium:deviceApiLevel: 33, appium:deviceManufacturer: Google, appium:deviceModel: sdk_gphone64_x86_64, appium:deviceName: emulator-5554, appium:deviceScreenDensity: 560, appium:deviceScreenSize: 1440x3120, appium:deviceUDID: emulator-5554, appium:ensureWebviewsHavePages: true, appium:javascriptEnabled: true, appium:locationContextEnabled: false, appium:nativeWebScreenshot: true, appium:networkConnectionEnabled: true, appium:newCommandTimeout: 66000, appium:pixelRatio: 3.5, appium:platformVersion: 13, appium:statBarHeight: 84, appium:takesScreenshot: true, appium:udid: emulator-5554, appium:viewportRect: {height: 2952, left: 0, top: 84, width: 1440}, appium:warnings: {}, appium:webStorageEnabled: false, platformName: ANDROID}
Session ID: c8f29bd0-c2e4-4de7-adab-84fff77d2bdc
at org.openqa.selenium.remote.codec.w3c.W3CHttpResponseCodec.createException(W3CHttpResponseCodec.java:200)
at org.openqa.selenium.remote.codec.w3c.W3CHttpResponseCodec.decode(W3CHttpResponseCodec.java:133)
at org.openqa.selenium.remote.codec.w3c.W3CHttpResponseCodec.decode(W3CHttpResponseCodec.java:53)
at org.openqa.selenium.remote.HttpCommandExecutor.execute(HttpCommandExecutor.java:184)
at io.appium.java_client.remote.AppiumCommandExecutor.execute(AppiumCommandExecutor.java:262)
at org.openqa.selenium.remote.RemoteWebDriver.execute(RemoteWebDriver.java:543)
at org.openqa.selenium.remote.ElementLocation$ElementFinder$2.findElement(ElementLocation.java:162)
at org.openqa.selenium.remote.ElementLocation.findElement(ElementLocation.java:60)
at org.openqa.selenium.remote.RemoteWebDriver.findElement(RemoteWebDriver.java:352)
at org.openqa.selenium.remote.RemoteWebDriver.findElement(RemoteWebDriver.java:344)
at com.utility.library.date_select(library.java:209)
at Freedo_domain.appium_1.TC_0035_Verify_user_able_to_select_date_and_package_under_booking(appium_1.java:192)
at java.base/java.util.ArrayList.forEach(ArrayList.java:1511)
... Removed 32 stack frames]]>
    </failure>
  </testcase> <!-- TC_0035_Verify_user_able_to_select_date_and_package_under_booking -->
  <testcase classname="Freedo_domain.appium_1" name="TC_0036_Verify_user_able_to_select_date_and_package_under_booking_all_elements" time="0.0">
    <skipped/>
  </testcase> <!-- TC_0036_Verify_user_able_to_select_date_and_package_under_booking_all_elements -->
  <testcase classname="Freedo_domain.appium_1" name="TC_0037_Verify_user_able_to_select_date_and_package_under_booking_all_elements_using_home_delivery" time="0.0">
    <skipped/>
  </testcase> <!-- TC_0037_Verify_user_able_to_select_date_and_package_under_booking_all_elements_using_home_delivery -->
  <testcase classname="com.utility.base_class" name="@BeforeTest OPEN_AND_INSTALL_APP" time="0.0">
    <ignored/>
  </testcase> <!-- @BeforeTest OPEN_AND_INSTALL_APP -->
  <testcase classname="com.utility.base_class" name="@BeforeSuite BS" time="0.0">
    <ignored/>
  </testcase> <!-- @BeforeSuite BS -->
</testsuite> <!-- Test -->
