<?xml version="1.0" encoding="UTF-8"?>
<!-- Generated by org.testng.reporters.JUnitXMLReporter -->
<testsuite ignored="4" hostname="DESKTOP-LMKUKFJ" failures="1" tests="26" name="Test" time="323.919" errors="0" timestamp="2023-10-20T21:01:39 IST">
  <testcase classname="Freedo_domain.appium_0" name="TC_001_verify_install_apk" time="5.354"/>
  <testcase classname="Freedo_domain.appium_0" name="TC_002_verify_select_pickup_location_date_and_packages" time="4.927"/>
  <testcase classname="Freedo_domain.appium_0" name="TC_003_Verify_the_NEXT_button_clicking" time="6.908"/>
  <testcase classname="Freedo_domain.appium_0" name="TC_004_Verify_the_NEXT_button_clicking" time="8.474"/>
  <testcase classname="Freedo_domain.appium_0" name="TC_005_Verify_the_slide_indicator" time="2.027"/>
  <testcase classname="Freedo_domain.appium_0" name="TC_006_Verify_the_Done_button_clicking" time="3.617"/>
  <testcase classname="Freedo_domain.appium_0" name="TC_007_Verify_login_component" time="6.83"/>
  <testcase classname="Freedo_domain.appium_0" name="TC_008_Verify_login_functionality_Register_mo_number" time="5.95"/>
  <testcase classname="Freedo_domain.appium_0" name="TC_009_verify_login_button_on_create_an_account_page" time="7.446"/>
  <testcase classname="Freedo_domain.appium_0" name="TC_0010_verify_create_an_account_by_clicking_login_page" time="14.329"/>
  <testcase classname="Freedo_domain.appium_0" name="TC_0011_verify_user_able_to_create_an_account" time="31.404"/>
  <testcase classname="Freedo_domain.appium_0" name="TC_0012_verify_Terms_and_condition_link_on_create_an_account_page" time="15.467"/>
  <testcase classname="Freedo_domain.appium_0" name="TC_0013_verify_Privacy_and_policy_link_on_create_an_account_page" time="5.509"/>
  <testcase classname="Freedo_domain.appium_0" name="TC_0014_verify_Privacy_policy_under_Privacy_policy_dropdown_all_element" time="11.485"/>
  <testcase classname="Freedo_domain.appium_0" name="TC_0015_Verify_create_my_account_button" time="2.612"/>
  <testcase classname="Freedo_domain.appium_0" name="TC_0016_Verify_otp_verification_time_slot" time="7.386"/>
  <testcase classname="Freedo_domain.appium_0" name="TC_0017_Verify_OTP_Verification_Page" time="14.494"/>
  <testcase classname="Freedo_domain.appium_0" name="TC_0018_Select_location" time="9.674"/>
  <testcase classname="Freedo_domain.appium_0" name="TC_0019_verify_user_select_City" time="7.64"/>
  <testcase classname="Freedo_domain.appium_0" name="TC_0020_Search_wrong_city_name" time="7.743"/>
  <testcase classname="Freedo_domain.appium_0" name="TC_0021_Search_city_name" time="5.561"/>
  <testcase classname="Freedo_domain.appium_0" name="TC_0022_Select_all__City" time="2.675"/>
  <testcase classname="Freedo_domain.appium_0" name="TC_0023_Verify_location_popup" time="2.154"/>
  <testcase classname="Freedo_domain.appium_1" name="TC_0024_Verify_home_page_all_elements" time="39.19"/>
  <testcase classname="Freedo_domain.appium_1" name="TC_0025_Verify_available_all_bikes" time="33.641">
    <failure type="org.openqa.selenium.NoSuchElementException" message="An element could not be located on the page using the given search parameters.
For documentation on this error, please visit: https://www.selenium.dev/documentation/webdriver/troubleshooting/errors#no-such-element-exception
Build info: version: &amp;apos;4.12.0&amp;apos;, revision: &amp;apos;249f2a7d1b*&amp;apos;
System info: os.name: &amp;apos;Windows 10&amp;apos;, os.arch: &amp;apos;amd64&amp;apos;, os.version: &amp;apos;10.0&amp;apos;, java.version: &amp;apos;17.0.6&amp;apos;
Driver info: io.appium.java_client.android.AndroidDriver
Command: [ec4f39d7-b7ef-41f1-8f22-11c2cd367e1f, findElement {using=xpath, value=//android.widget.TextView[@content-desc=&amp;apos;renting_bike_available&amp;apos;]}]
Capabilities {appium:app: C:\Users\QA\OneDrive\Docume..., appium:appActivity: com.heerofreedo.MainActivity, appium:appPackage: com.heerofreedo, appium:automationName: uiautomator2, appium:avdLaunchTimeout: 600000, appium:databaseEnabled: false, appium:desired: {app: C:\Users\QA\OneDrive\Docume..., appActivity: com.heerofreedo.MainActivity, appPackage: com.heerofreedo, automationName: uiautomator2, avdLaunchTimeout: 600000, deviceName: Infinix, ensureWebviewsHavePages: true, nativeWebScreenshot: true, newCommandTimeout: 66000, noReset: false, platformName: ANDROID, udid: 0836731257071990}, appium:deviceApiLevel: 33, appium:deviceManufacturer: INFINIX, appium:deviceModel: Infinix X670, appium:deviceName: 0836731257071990, appium:deviceScreenDensity: 443, appium:deviceScreenSize: 1080x2400, appium:deviceUDID: 0836731257071990, appium:ensureWebviewsHavePages: true, appium:javascriptEnabled: true, appium:locationContextEnabled: false, appium:nativeWebScreenshot: true, appium:networkConnectionEnabled: true, appium:newCommandTimeout: 66000, appium:noReset: false, appium:pixelRatio: 2.76875, appium:platformVersion: 13, appium:statBarHeight: 100, appium:takesScreenshot: true, appium:udid: 0836731257071990, appium:viewportRect: {height: 2192, left: 0, top: 100, width: 1080}, appium:warnings: {}, appium:webStorageEnabled: false, platformName: ANDROID}
Session ID: ec4f39d7-b7ef-41f1-8f22-11c2cd367e1f">
      <![CDATA[org.openqa.selenium.NoSuchElementException: An element could not be located on the page using the given search parameters.
For documentation on this error, please visit: https://www.selenium.dev/documentation/webdriver/troubleshooting/errors#no-such-element-exception
Build info: version: '4.12.0', revision: '249f2a7d1b*'
System info: os.name: 'Windows 10', os.arch: 'amd64', os.version: '10.0', java.version: '17.0.6'
Driver info: io.appium.java_client.android.AndroidDriver
Command: [ec4f39d7-b7ef-41f1-8f22-11c2cd367e1f, findElement {using=xpath, value=//android.widget.TextView[@content-desc='renting_bike_available']}]
Capabilities {appium:app: C:\Users\QA\OneDrive\Docume..., appium:appActivity: com.heerofreedo.MainActivity, appium:appPackage: com.heerofreedo, appium:automationName: uiautomator2, appium:avdLaunchTimeout: 600000, appium:databaseEnabled: false, appium:desired: {app: C:\Users\QA\OneDrive\Docume..., appActivity: com.heerofreedo.MainActivity, appPackage: com.heerofreedo, automationName: uiautomator2, avdLaunchTimeout: 600000, deviceName: Infinix, ensureWebviewsHavePages: true, nativeWebScreenshot: true, newCommandTimeout: 66000, noReset: false, platformName: ANDROID, udid: 0836731257071990}, appium:deviceApiLevel: 33, appium:deviceManufacturer: INFINIX, appium:deviceModel: Infinix X670, appium:deviceName: 0836731257071990, appium:deviceScreenDensity: 443, appium:deviceScreenSize: 1080x2400, appium:deviceUDID: 0836731257071990, appium:ensureWebviewsHavePages: true, appium:javascriptEnabled: true, appium:locationContextEnabled: false, appium:nativeWebScreenshot: true, appium:networkConnectionEnabled: true, appium:newCommandTimeout: 66000, appium:noReset: false, appium:pixelRatio: 2.76875, appium:platformVersion: 13, appium:statBarHeight: 100, appium:takesScreenshot: true, appium:udid: 0836731257071990, appium:viewportRect: {height: 2192, left: 0, top: 100, width: 1080}, appium:warnings: {}, appium:webStorageEnabled: false, platformName: ANDROID}
Session ID: ec4f39d7-b7ef-41f1-8f22-11c2cd367e1f
at org.openqa.selenium.remote.codec.w3c.W3CHttpResponseCodec.createException(W3CHttpResponseCodec.java:200)
at org.openqa.selenium.remote.codec.w3c.W3CHttpResponseCodec.decode(W3CHttpResponseCodec.java:133)
at org.openqa.selenium.remote.codec.w3c.W3CHttpResponseCodec.decode(W3CHttpResponseCodec.java:52)
at org.openqa.selenium.remote.HttpCommandExecutor.execute(HttpCommandExecutor.java:191)
at io.appium.java_client.remote.AppiumCommandExecutor.execute(AppiumCommandExecutor.java:250)
at org.openqa.selenium.remote.RemoteWebDriver.execute(RemoteWebDriver.java:602)
at org.openqa.selenium.remote.ElementLocation$ElementFinder$2.findElement(ElementLocation.java:165)
at org.openqa.selenium.remote.ElementLocation.findElement(ElementLocation.java:59)
at org.openqa.selenium.remote.RemoteWebDriver.findElement(RemoteWebDriver.java:359)
at org.openqa.selenium.remote.RemoteWebDriver.findElement(RemoteWebDriver.java:353)
at org.openqa.selenium.support.pagefactory.DefaultElementLocator.findElement(DefaultElementLocator.java:68)
at org.openqa.selenium.support.pagefactory.internal.LocatingElementHandler.invoke(LocatingElementHandler.java:38)
at jdk.proxy2/jdk.proxy2.$Proxy34.getText(Unknown Source)
at Freedo_domain.appium_1.TC_0025_Verify_available_all_bikes(appium_1.java:65)
at java.base/java.util.ArrayList.forEach(ArrayList.java:1511)
... Removed 32 stack frames]]>
    </failure>
  </testcase> <!-- TC_0025_Verify_available_all_bikes -->
  <testcase classname="Freedo_domain.appium_1" name="TC_0026_Verify_available_all_Scooters" time="14.789"/>
  <testcase classname="com.utility.base_class" name="@BeforeTest OPEN_AND_INSTALL_APP" time="0.0">
    <ignored/>
  </testcase> <!-- @BeforeTest OPEN_AND_INSTALL_APP -->
  <testcase classname="com.utility.base_class" name="@BeforeTest OPEN_AND_INSTALL_APP" time="0.0">
    <ignored/>
  </testcase> <!-- @BeforeTest OPEN_AND_INSTALL_APP -->
  <testcase classname="com.utility.base_class" name="@BeforeSuite BS" time="0.0">
    <ignored/>
  </testcase> <!-- @BeforeSuite BS -->
  <testcase classname="com.utility.base_class" name="@BeforeSuite BS" time="0.0">
    <ignored/>
  </testcase> <!-- @BeforeSuite BS -->
</testsuite> <!-- Test -->
