<?xml version="1.0" encoding="UTF-8"?>
<testng-results ignored="0" total="1" passed="1" failed="0" skipped="0">
  <reporter-output>
  </reporter-output>
  <suite started-at="2023-05-12T02:31:56 IST" name="Default suite" finished-at="2023-05-12T02:33:02 IST" duration-ms="65473">
    <groups>
    </groups>
    <test started-at="2023-05-12T02:31:56 IST" name="Default test" finished-at="2023-05-12T02:33:02 IST" duration-ms="65473">
      <class name="Freedo_domain.TEST">
        <test-method is-config="true" signature="BS()[pri:0, instance:Freedo_domain.TEST@5677323c]" started-at="2023-05-12T02:31:55 IST" name="BS" finished-at="2023-05-12T02:31:56 IST" duration-ms="1515" status="PASS">
          <reporter-output>
          </reporter-output>
        </test-method> <!-- BS -->
        <test-method is-config="true" signature="OPEN_AND_INSTALL_APP()[pri:0, instance:Freedo_domain.TEST@5677323c]" started-at="2023-05-12T02:31:56 IST" name="OPEN_AND_INSTALL_APP" finished-at="2023-05-12T02:32:20 IST" duration-ms="23967" status="PASS">
          <reporter-output>
          </reporter-output>
        </test-method> <!-- OPEN_AND_INSTALL_APP -->
        <test-method signature="t1()[pri:0, instance:Freedo_domain.TEST@5677323c]" started-at="2023-05-12T02:32:21 IST" name="t1" finished-at="2023-05-12T02:33:02 IST" duration-ms="41429" status="PASS">
          <reporter-output>
          </reporter-output>
        </test-method> <!-- t1 -->
      </class> <!-- Freedo_domain.TEST -->
    </test> <!-- Default test -->
  </suite> <!-- Default suite -->
</testng-results>
