<?xml version="1.0" encoding="UTF-8"?>
<testng-results ignored="4" total="70" passed="64" failed="2" skipped="0">
  <reporter-output>
  </reporter-output>
  <suite started-at="2023-10-05T20:25:43 IST" name="Suite" finished-at="2023-10-05T20:54:55 IST" duration-ms="1752499">
    <groups>
    </groups>
    <test started-at="2023-10-05T20:25:43 IST" name="Test" finished-at="2023-10-05T20:54:55 IST" duration-ms="1752499">
      <class name="Freedo_domain.appium_2">
        <test-method is-config="true" signature="logger()[pri:0, instance:Freedo_domain.appium_2@5812f68b]" started-at="2023-10-05T20:40:24 IST" name="logger" finished-at="2023-10-05T20:40:24 IST" duration-ms="1" status="PASS">
          <reporter-output>
          </reporter-output>
        </test-method> <!-- logger -->
        <test-method signature="TC_0052_admin_Request_reject()[pri:1, instance:Freedo_domain.appium_2@5812f68b]" started-at="2023-10-05T20:40:24 IST" name="TC_0052_admin_Request_reject" finished-at="2023-10-05T20:43:32 IST" duration-ms="187800" status="FAIL">
          <exception class="org.openqa.selenium.NoSuchElementException">
            <message>
              <![CDATA[no such element: Unable to locate element: {"method":"xpath","selector":"//div[@id='demo-simple-select-label']"}
  (Session info: chrome=117.0.5938.149)
For documentation on this error, please visit: https://www.selenium.dev/documentation/webdriver/troubleshooting/errors#no-such-element-exception
Build info: version: '4.12.0', revision: '249f2a7d1b*'
System info: os.name: 'Windows 10', os.arch: 'amd64', os.version: '10.0', java.version: '17.0.6'
Driver info: org.openqa.selenium.chrome.ChromeDriver
Command: [22ef07fb846cbdb6213157d31738e74e, findElement {using=xpath, value=//div[@id='demo-simple-select-label']}]
Capabilities {acceptInsecureCerts: false, browserName: chrome, browserVersion: 117.0.5938.149, chrome: {chromedriverVersion: 117.0.5938.149 (e3344ddefa1..., userDataDir: C:\Users\QA\AppData\Local\T...}, fedcm:accounts: true, goog:chromeOptions: {debuggerAddress: localhost:54533}, networkConnectionEnabled: false, pageLoadStrategy: normal, platformName: windows, proxy: Proxy(), se:cdp: ws://localhost:54533/devtoo..., se:cdpVersion: 117.0.5938.149, setWindowRect: true, strictFileInteractability: false, timeouts: {implicit: 0, pageLoad: 300000, script: 30000}, unhandledPromptBehavior: dismiss and notify, webauthn:extension:credBlob: true, webauthn:extension:largeBlob: true, webauthn:extension:minPinLength: true, webauthn:extension:prf: true, webauthn:virtualAuthenticators: true}
Session ID: 22ef07fb846cbdb6213157d31738e74e]]>
            </message>
            <full-stacktrace>
              <![CDATA[org.openqa.selenium.NoSuchElementException: no such element: Unable to locate element: {"method":"xpath","selector":"//div[@id='demo-simple-select-label']"}
  (Session info: chrome=117.0.5938.149)
For documentation on this error, please visit: https://www.selenium.dev/documentation/webdriver/troubleshooting/errors#no-such-element-exception
Build info: version: '4.12.0', revision: '249f2a7d1b*'
System info: os.name: 'Windows 10', os.arch: 'amd64', os.version: '10.0', java.version: '17.0.6'
Driver info: org.openqa.selenium.chrome.ChromeDriver
Command: [22ef07fb846cbdb6213157d31738e74e, findElement {using=xpath, value=//div[@id='demo-simple-select-label']}]
Capabilities {acceptInsecureCerts: false, browserName: chrome, browserVersion: 117.0.5938.149, chrome: {chromedriverVersion: 117.0.5938.149 (e3344ddefa1..., userDataDir: C:\Users\QA\AppData\Local\T...}, fedcm:accounts: true, goog:chromeOptions: {debuggerAddress: localhost:54533}, networkConnectionEnabled: false, pageLoadStrategy: normal, platformName: windows, proxy: Proxy(), se:cdp: ws://localhost:54533/devtoo..., se:cdpVersion: 117.0.5938.149, setWindowRect: true, strictFileInteractability: false, timeouts: {implicit: 0, pageLoad: 300000, script: 30000}, unhandledPromptBehavior: dismiss and notify, webauthn:extension:credBlob: true, webauthn:extension:largeBlob: true, webauthn:extension:minPinLength: true, webauthn:extension:prf: true, webauthn:virtualAuthenticators: true}
Session ID: 22ef07fb846cbdb6213157d31738e74e
at java.base/jdk.internal.reflect.NativeConstructorAccessorImpl.newInstance0(Native Method)
at java.base/jdk.internal.reflect.NativeConstructorAccessorImpl.newInstance(NativeConstructorAccessorImpl.java:77)
at java.base/jdk.internal.reflect.DelegatingConstructorAccessorImpl.newInstance(DelegatingConstructorAccessorImpl.java:45)
at java.base/java.lang.reflect.Constructor.newInstanceWithCaller(Constructor.java:499)
at java.base/java.lang.reflect.Constructor.newInstance(Constructor.java:480)
at org.openqa.selenium.remote.codec.w3c.W3CHttpResponseCodec.createException(W3CHttpResponseCodec.java:200)
at org.openqa.selenium.remote.codec.w3c.W3CHttpResponseCodec.decode(W3CHttpResponseCodec.java:133)
at org.openqa.selenium.remote.codec.w3c.W3CHttpResponseCodec.decode(W3CHttpResponseCodec.java:52)
at org.openqa.selenium.remote.HttpCommandExecutor.execute(HttpCommandExecutor.java:191)
at org.openqa.selenium.remote.service.DriverCommandExecutor.invokeExecute(DriverCommandExecutor.java:196)
at org.openqa.selenium.remote.service.DriverCommandExecutor.execute(DriverCommandExecutor.java:171)
at org.openqa.selenium.remote.RemoteWebDriver.execute(RemoteWebDriver.java:602)
at org.openqa.selenium.remote.ElementLocation$ElementFinder$2.findElement(ElementLocation.java:165)
at org.openqa.selenium.remote.ElementLocation.findElement(ElementLocation.java:59)
at org.openqa.selenium.remote.RemoteWebDriver.findElement(RemoteWebDriver.java:359)
at org.openqa.selenium.remote.RemoteWebDriver.findElement(RemoteWebDriver.java:353)
at Freedo_domain.appium_2.TC_0052_admin_Request_reject(appium_2.java:52)
at java.base/jdk.internal.reflect.NativeMethodAccessorImpl.invoke0(Native Method)
at java.base/jdk.internal.reflect.NativeMethodAccessorImpl.invoke(NativeMethodAccessorImpl.java:77)
at java.base/jdk.internal.reflect.DelegatingMethodAccessorImpl.invoke(DelegatingMethodAccessorImpl.java:43)
at java.base/java.lang.reflect.Method.invoke(Method.java:568)
at org.testng.internal.MethodInvocationHelper.invokeMethod(MethodInvocationHelper.java:133)
at org.testng.internal.TestInvoker.invokeMethod(TestInvoker.java:598)
at org.testng.internal.TestInvoker.invokeTestMethod(TestInvoker.java:173)
at org.testng.internal.MethodRunner.runInSequence(MethodRunner.java:46)
at org.testng.internal.TestInvoker$MethodInvocationAgent.invoke(TestInvoker.java:824)
at org.testng.internal.TestInvoker.invokeTestMethods(TestInvoker.java:146)
at org.testng.internal.TestMethodWorker.invokeTestMethods(TestMethodWorker.java:146)
at org.testng.internal.TestMethodWorker.run(TestMethodWorker.java:128)
at java.base/java.util.ArrayList.forEach(ArrayList.java:1511)
at org.testng.TestRunner.privateRun(TestRunner.java:794)
at org.testng.TestRunner.run(TestRunner.java:596)
at org.testng.SuiteRunner.runTest(SuiteRunner.java:377)
at org.testng.SuiteRunner.runSequentially(SuiteRunner.java:371)
at org.testng.SuiteRunner.privateRun(SuiteRunner.java:332)
at org.testng.SuiteRunner.run(SuiteRunner.java:276)
at org.testng.SuiteRunnerWorker.runSuite(SuiteRunnerWorker.java:53)
at org.testng.SuiteRunnerWorker.run(SuiteRunnerWorker.java:96)
at org.testng.TestNG.runSuitesSequentially(TestNG.java:1212)
at org.testng.TestNG.runSuitesLocally(TestNG.java:1134)
at org.testng.TestNG.runSuites(TestNG.java:1063)
at org.testng.TestNG.run(TestNG.java:1031)
at org.testng.remote.AbstractRemoteTestNG.run(AbstractRemoteTestNG.java:115)
at org.testng.remote.RemoteTestNG.initAndRun(RemoteTestNG.java:251)
at org.testng.remote.RemoteTestNG.main(RemoteTestNG.java:77)
]]>
            </full-stacktrace>
          </exception> <!-- org.openqa.selenium.NoSuchElementException -->
          <reporter-output>
          </reporter-output>
        </test-method> <!-- TC_0052_admin_Request_reject -->
        <test-method is-config="true" signature="logger()[pri:0, instance:Freedo_domain.appium_2@5812f68b]" started-at="2023-10-05T20:43:33 IST" name="logger" finished-at="2023-10-05T20:43:33 IST" duration-ms="2" status="PASS">
          <reporter-output>
          </reporter-output>
        </test-method> <!-- logger -->
        <test-method signature="TC_0053_Track_booking_status()[pri:2, instance:Freedo_domain.appium_2@5812f68b]" started-at="2023-10-05T20:43:33 IST" name="TC_0053_Track_booking_status" finished-at="2023-10-05T20:44:30 IST" duration-ms="56404" status="PASS">
          <reporter-output>
          </reporter-output>
        </test-method> <!-- TC_0053_Track_booking_status -->
        <test-method is-config="true" signature="logger()[pri:0, instance:Freedo_domain.appium_2@5812f68b]" started-at="2023-10-05T20:44:30 IST" name="logger" finished-at="2023-10-05T20:44:30 IST" duration-ms="2" status="PASS">
          <reporter-output>
          </reporter-output>
        </test-method> <!-- logger -->
        <test-method signature="TC_0054_Verify_user_able_to_logout_cancel()[pri:3, instance:Freedo_domain.appium_2@5812f68b]" started-at="2023-10-05T20:44:30 IST" name="TC_0054_Verify_user_able_to_logout_cancel" finished-at="2023-10-05T20:44:49 IST" duration-ms="19018" status="PASS">
          <reporter-output>
          </reporter-output>
        </test-method> <!-- TC_0054_Verify_user_able_to_logout_cancel -->
        <test-method is-config="true" signature="logger()[pri:0, instance:Freedo_domain.appium_2@5812f68b]" started-at="2023-10-05T20:44:49 IST" name="logger" finished-at="2023-10-05T20:44:49 IST" duration-ms="1" status="PASS">
          <reporter-output>
          </reporter-output>
        </test-method> <!-- logger -->
        <test-method signature="TC_0055_Verify_user_able_to_successful_logout()[pri:4, instance:Freedo_domain.appium_2@5812f68b]" started-at="2023-10-05T20:44:49 IST" name="TC_0055_Verify_user_able_to_successful_logout" finished-at="2023-10-05T20:45:02 IST" duration-ms="12823" status="PASS">
          <reporter-output>
          </reporter-output>
        </test-method> <!-- TC_0055_Verify_user_able_to_successful_logout -->
        <test-method is-config="true" signature="logger()[pri:0, instance:Freedo_domain.appium_2@5812f68b]" started-at="2023-10-05T20:45:02 IST" name="logger" finished-at="2023-10-05T20:45:02 IST" duration-ms="0" status="PASS">
          <reporter-output>
          </reporter-output>
        </test-method> <!-- logger -->
        <test-method signature="TC_0056_Verify_user_able_to_deactivate_account()[pri:5, instance:Freedo_domain.appium_2@5812f68b]" started-at="2023-10-05T20:45:02 IST" name="TC_0056_Verify_user_able_to_deactivate_account" finished-at="2023-10-05T20:45:49 IST" duration-ms="47633" status="PASS">
          <reporter-output>
          </reporter-output>
        </test-method> <!-- TC_0056_Verify_user_able_to_deactivate_account -->
        <test-method is-config="true" signature="logger()[pri:0, instance:Freedo_domain.appium_2@5812f68b]" started-at="2023-10-05T20:45:49 IST" name="logger" finished-at="2023-10-05T20:45:49 IST" duration-ms="0" status="PASS">
          <reporter-output>
          </reporter-output>
        </test-method> <!-- logger -->
        <test-method signature="TC_0057_Verify_user_able_to_COD_booking()[pri:6, instance:Freedo_domain.appium_2@5812f68b]" started-at="2023-10-05T20:45:49 IST" name="TC_0057_Verify_user_able_to_COD_booking" finished-at="2023-10-05T20:46:36 IST" duration-ms="47059" status="PASS">
          <reporter-output>
          </reporter-output>
        </test-method> <!-- TC_0057_Verify_user_able_to_COD_booking -->
        <test-method is-config="true" signature="logger()[pri:0, instance:Freedo_domain.appium_2@5812f68b]" started-at="2023-10-05T20:46:36 IST" name="logger" finished-at="2023-10-05T20:46:36 IST" duration-ms="1" status="PASS">
          <reporter-output>
          </reporter-output>
        </test-method> <!-- logger -->
        <test-method signature="TC_0058_admin_Request_reject()[pri:0, instance:Freedo_domain.appium_2@5812f68b]" started-at="2023-10-05T20:46:36 IST" name="TC_0058_admin_Request_reject" finished-at="2023-10-05T20:47:09 IST" depends-on-methods="Freedo_domain.appium_2.TC_0057_Verify_user_able_to_COD_booking" duration-ms="33241" status="PASS">
          <reporter-output>
          </reporter-output>
        </test-method> <!-- TC_0058_admin_Request_reject -->
        <test-method signature="TC_0059_Verify_user_able_to_Online_payment_booking()[pri:8, instance:Freedo_domain.appium_2@5812f68b]" started-at="2023-10-05T20:47:09 IST" name="TC_0059_Verify_user_able_to_Online_payment_booking" finished-at="2023-10-05T20:48:56 IST" duration-ms="106137" status="PASS">
          <reporter-output>
          </reporter-output>
        </test-method> <!-- TC_0059_Verify_user_able_to_Online_payment_booking -->
        <test-method is-config="true" signature="logger()[pri:0, instance:Freedo_domain.appium_2@5812f68b]" started-at="2023-10-05T20:47:09 IST" name="logger" finished-at="2023-10-05T20:47:09 IST" duration-ms="0" status="PASS">
          <reporter-output>
          </reporter-output>
        </test-method> <!-- logger -->
        <test-method is-config="true" signature="logger()[pri:0, instance:Freedo_domain.appium_2@5812f68b]" started-at="2023-10-05T20:48:56 IST" name="logger" finished-at="2023-10-05T20:48:56 IST" duration-ms="1" status="PASS">
          <reporter-output>
          </reporter-output>
        </test-method> <!-- logger -->
        <test-method signature="TC_0060_Admin_approved_request()[pri:0, instance:Freedo_domain.appium_2@5812f68b]" started-at="2023-10-05T20:48:56 IST" name="TC_0060_Admin_approved_request" finished-at="2023-10-05T20:49:55 IST" depends-on-methods="Freedo_domain.appium_2.TC_0059_Verify_user_able_to_Online_payment_booking" duration-ms="59043" status="PASS">
          <reporter-output>
          </reporter-output>
        </test-method> <!-- TC_0060_Admin_approved_request -->
        <test-method is-config="true" signature="logger()[pri:0, instance:Freedo_domain.appium_2@5812f68b]" started-at="2023-10-05T20:49:55 IST" name="logger" finished-at="2023-10-05T20:49:55 IST" duration-ms="8" status="PASS">
          <reporter-output>
          </reporter-output>
        </test-method> <!-- logger -->
        <test-method signature="TC_0061_Verify_user_able_to_view_booking_status_all_elements()[pri:0, instance:Freedo_domain.appium_2@5812f68b]" started-at="2023-10-05T20:49:55 IST" name="TC_0061_Verify_user_able_to_view_booking_status_all_elements" finished-at="2023-10-05T20:52:32 IST" depends-on-methods="Freedo_domain.appium_2.TC_0060_Admin_approved_request" duration-ms="157495" status="PASS">
          <reporter-output>
          </reporter-output>
        </test-method> <!-- TC_0061_Verify_user_able_to_view_booking_status_all_elements -->
        <test-method is-config="true" signature="logger()[pri:0, instance:Freedo_domain.appium_2@5812f68b]" started-at="2023-10-05T20:52:32 IST" name="logger" finished-at="2023-10-05T20:52:32 IST" duration-ms="0" status="PASS">
          <reporter-output>
          </reporter-output>
        </test-method> <!-- logger -->
        <test-method signature="TC_0062_Verify_user_End_ride_request()[pri:0, instance:Freedo_domain.appium_2@5812f68b]" started-at="2023-10-05T20:52:32 IST" name="TC_0062_Verify_user_End_ride_request" finished-at="2023-10-05T20:53:37 IST" depends-on-methods="Freedo_domain.appium_2.TC_0061_Verify_user_able_to_view_booking_status_all_elements" duration-ms="64790" status="PASS">
          <reporter-output>
          </reporter-output>
        </test-method> <!-- TC_0062_Verify_user_End_ride_request -->
        <test-method is-config="true" signature="logger()[pri:0, instance:Freedo_domain.appium_2@5812f68b]" started-at="2023-10-05T20:53:37 IST" name="logger" finished-at="2023-10-05T20:53:37 IST" duration-ms="1" status="PASS">
          <reporter-output>
          </reporter-output>
        </test-method> <!-- logger -->
        <test-method signature="TC_0063_Verify_user_end_ride_booking_status()[pri:0, instance:Freedo_domain.appium_2@5812f68b]" started-at="2023-10-05T20:53:37 IST" name="TC_0063_Verify_user_end_ride_booking_status" finished-at="2023-10-05T20:53:44 IST" depends-on-methods="Freedo_domain.appium_2.TC_0062_Verify_user_End_ride_request" duration-ms="7534" status="PASS">
          <reporter-output>
          </reporter-output>
        </test-method> <!-- TC_0063_Verify_user_end_ride_booking_status -->
        <test-method is-config="true" signature="logger()[pri:0, instance:Freedo_domain.appium_2@5812f68b]" started-at="2023-10-05T20:53:44 IST" name="logger" finished-at="2023-10-05T20:53:44 IST" duration-ms="1" status="PASS">
          <reporter-output>
          </reporter-output>
        </test-method> <!-- logger -->
        <test-method signature="TC_0064_Admin_check_End_ride_request()[pri:0, instance:Freedo_domain.appium_2@5812f68b]" started-at="2023-10-05T20:53:44 IST" name="TC_0064_Admin_check_End_ride_request" finished-at="2023-10-05T20:53:54 IST" depends-on-methods="Freedo_domain.appium_2.TC_0063_Verify_user_end_ride_booking_status" duration-ms="9163" status="FAIL">
          <exception class="org.openqa.selenium.NoSuchWindowException">
            <message>
              <![CDATA[no such window: target window already closed
from unknown error: web view not found
  (Session info: chrome=117.0.5938.149)
Build info: version: '4.12.0', revision: '249f2a7d1b*'
System info: os.name: 'Windows 10', os.arch: 'amd64', os.version: '10.0', java.version: '17.0.6'
Driver info: org.openqa.selenium.chrome.ChromeDriver
Command: [fe00eebb1907c04343063a277051c1bd, findElement {using=xpath, value=//input[@id='userName']}]
Capabilities {acceptInsecureCerts: false, browserName: chrome, browserVersion: 117.0.5938.149, chrome: {chromedriverVersion: 117.0.5938.149 (e3344ddefa1..., userDataDir: C:\Users\QA\AppData\Local\T...}, fedcm:accounts: true, goog:chromeOptions: {debuggerAddress: localhost:54831}, networkConnectionEnabled: false, pageLoadStrategy: normal, platformName: windows, proxy: Proxy(), se:cdp: ws://localhost:54831/devtoo..., se:cdpVersion: 117.0.5938.149, setWindowRect: true, strictFileInteractability: false, timeouts: {implicit: 0, pageLoad: 300000, script: 30000}, unhandledPromptBehavior: dismiss and notify, webauthn:extension:credBlob: true, webauthn:extension:largeBlob: true, webauthn:extension:minPinLength: true, webauthn:extension:prf: true, webauthn:virtualAuthenticators: true}
Session ID: fe00eebb1907c04343063a277051c1bd]]>
            </message>
            <full-stacktrace>
              <![CDATA[org.openqa.selenium.NoSuchWindowException: no such window: target window already closed
from unknown error: web view not found
  (Session info: chrome=117.0.5938.149)
Build info: version: '4.12.0', revision: '249f2a7d1b*'
System info: os.name: 'Windows 10', os.arch: 'amd64', os.version: '10.0', java.version: '17.0.6'
Driver info: org.openqa.selenium.chrome.ChromeDriver
Command: [fe00eebb1907c04343063a277051c1bd, findElement {using=xpath, value=//input[@id='userName']}]
Capabilities {acceptInsecureCerts: false, browserName: chrome, browserVersion: 117.0.5938.149, chrome: {chromedriverVersion: 117.0.5938.149 (e3344ddefa1..., userDataDir: C:\Users\QA\AppData\Local\T...}, fedcm:accounts: true, goog:chromeOptions: {debuggerAddress: localhost:54831}, networkConnectionEnabled: false, pageLoadStrategy: normal, platformName: windows, proxy: Proxy(), se:cdp: ws://localhost:54831/devtoo..., se:cdpVersion: 117.0.5938.149, setWindowRect: true, strictFileInteractability: false, timeouts: {implicit: 0, pageLoad: 300000, script: 30000}, unhandledPromptBehavior: dismiss and notify, webauthn:extension:credBlob: true, webauthn:extension:largeBlob: true, webauthn:extension:minPinLength: true, webauthn:extension:prf: true, webauthn:virtualAuthenticators: true}
Session ID: fe00eebb1907c04343063a277051c1bd
at java.base/jdk.internal.reflect.NativeConstructorAccessorImpl.newInstance0(Native Method)
at java.base/jdk.internal.reflect.NativeConstructorAccessorImpl.newInstance(NativeConstructorAccessorImpl.java:77)
at java.base/jdk.internal.reflect.DelegatingConstructorAccessorImpl.newInstance(DelegatingConstructorAccessorImpl.java:45)
at java.base/java.lang.reflect.Constructor.newInstanceWithCaller(Constructor.java:499)
at java.base/java.lang.reflect.Constructor.newInstance(Constructor.java:480)
at org.openqa.selenium.remote.codec.w3c.W3CHttpResponseCodec.createException(W3CHttpResponseCodec.java:200)
at org.openqa.selenium.remote.codec.w3c.W3CHttpResponseCodec.decode(W3CHttpResponseCodec.java:133)
at org.openqa.selenium.remote.codec.w3c.W3CHttpResponseCodec.decode(W3CHttpResponseCodec.java:52)
at org.openqa.selenium.remote.HttpCommandExecutor.execute(HttpCommandExecutor.java:191)
at org.openqa.selenium.remote.service.DriverCommandExecutor.invokeExecute(DriverCommandExecutor.java:196)
at org.openqa.selenium.remote.service.DriverCommandExecutor.execute(DriverCommandExecutor.java:171)
at org.openqa.selenium.remote.RemoteWebDriver.execute(RemoteWebDriver.java:602)
at org.openqa.selenium.remote.ElementLocation$ElementFinder$2.findElement(ElementLocation.java:165)
at org.openqa.selenium.remote.ElementLocation.findElement(ElementLocation.java:59)
at org.openqa.selenium.remote.RemoteWebDriver.findElement(RemoteWebDriver.java:359)
at org.openqa.selenium.remote.RemoteWebDriver.findElement(RemoteWebDriver.java:353)
at com.utility.base_class.Browseropen(base_class.java:262)
at Freedo_domain.appium_2.TC_0064_Admin_check_End_ride_request(appium_2.java:494)
at java.base/jdk.internal.reflect.NativeMethodAccessorImpl.invoke0(Native Method)
at java.base/jdk.internal.reflect.NativeMethodAccessorImpl.invoke(NativeMethodAccessorImpl.java:77)
at java.base/jdk.internal.reflect.DelegatingMethodAccessorImpl.invoke(DelegatingMethodAccessorImpl.java:43)
at java.base/java.lang.reflect.Method.invoke(Method.java:568)
at org.testng.internal.MethodInvocationHelper.invokeMethod(MethodInvocationHelper.java:133)
at org.testng.internal.TestInvoker.invokeMethod(TestInvoker.java:598)
at org.testng.internal.TestInvoker.invokeTestMethod(TestInvoker.java:173)
at org.testng.internal.MethodRunner.runInSequence(MethodRunner.java:46)
at org.testng.internal.TestInvoker$MethodInvocationAgent.invoke(TestInvoker.java:824)
at org.testng.internal.TestInvoker.invokeTestMethods(TestInvoker.java:146)
at org.testng.internal.TestMethodWorker.invokeTestMethods(TestMethodWorker.java:146)
at org.testng.internal.TestMethodWorker.run(TestMethodWorker.java:128)
at java.base/java.util.ArrayList.forEach(ArrayList.java:1511)
at org.testng.TestRunner.privateRun(TestRunner.java:794)
at org.testng.TestRunner.run(TestRunner.java:596)
at org.testng.SuiteRunner.runTest(SuiteRunner.java:377)
at org.testng.SuiteRunner.runSequentially(SuiteRunner.java:371)
at org.testng.SuiteRunner.privateRun(SuiteRunner.java:332)
at org.testng.SuiteRunner.run(SuiteRunner.java:276)
at org.testng.SuiteRunnerWorker.runSuite(SuiteRunnerWorker.java:53)
at org.testng.SuiteRunnerWorker.run(SuiteRunnerWorker.java:96)
at org.testng.TestNG.runSuitesSequentially(TestNG.java:1212)
at org.testng.TestNG.runSuitesLocally(TestNG.java:1134)
at org.testng.TestNG.runSuites(TestNG.java:1063)
at org.testng.TestNG.run(TestNG.java:1031)
at org.testng.remote.AbstractRemoteTestNG.run(AbstractRemoteTestNG.java:115)
at org.testng.remote.RemoteTestNG.initAndRun(RemoteTestNG.java:251)
at org.testng.remote.RemoteTestNG.main(RemoteTestNG.java:77)
]]>
            </full-stacktrace>
          </exception> <!-- org.openqa.selenium.NoSuchWindowException -->
          <reporter-output>
          </reporter-output>
        </test-method> <!-- TC_0064_Admin_check_End_ride_request -->
        <test-method is-config="true" signature="logger()[pri:0, instance:Freedo_domain.appium_2@5812f68b]" started-at="2023-10-05T20:53:55 IST" name="logger" finished-at="2023-10-05T20:53:55 IST" duration-ms="0" status="PASS">
          <reporter-output>
          </reporter-output>
        </test-method> <!-- logger -->
        <test-method signature="TC_0065_Verify_user_Complete_ride_booking_status()[pri:14, instance:Freedo_domain.appium_2@5812f68b]" started-at="2023-10-05T20:53:55 IST" name="TC_0065_Verify_user_Complete_ride_booking_status" finished-at="2023-10-05T20:54:21 IST" duration-ms="25870" status="PASS">
          <reporter-output>
          </reporter-output>
        </test-method> <!-- TC_0065_Verify_user_Complete_ride_booking_status -->
        <test-method is-config="true" signature="logger()[pri:0, instance:Freedo_domain.appium_2@5812f68b]" started-at="2023-10-05T20:54:21 IST" name="logger" finished-at="2023-10-05T20:54:21 IST" duration-ms="0" status="PASS">
          <reporter-output>
          </reporter-output>
        </test-method> <!-- logger -->
        <test-method signature="TC_0066_Verify_after_Complete_ride_invoice_button()[pri:15, instance:Freedo_domain.appium_2@5812f68b]" started-at="2023-10-05T20:54:21 IST" name="TC_0066_Verify_after_Complete_ride_invoice_button" finished-at="2023-10-05T20:54:55 IST" duration-ms="34347" status="PASS">
          <reporter-output>
          </reporter-output>
        </test-method> <!-- TC_0066_Verify_after_Complete_ride_invoice_button -->
      </class> <!-- Freedo_domain.appium_2 -->
      <class name="Freedo_domain.appium_1">
        <test-method is-config="true" signature="logger()[pri:0, instance:Freedo_domain.appium_1@5bf8fa12]" started-at="2023-10-05T20:29:50 IST" name="logger" finished-at="2023-10-05T20:29:50 IST" duration-ms="1" status="PASS">
          <reporter-output>
          </reporter-output>
        </test-method> <!-- logger -->
        <test-method signature="TC_0024_Verify_home_page_all_elements()[pri:1, instance:Freedo_domain.appium_1@5bf8fa12]" started-at="2023-10-05T20:29:50 IST" name="TC_0024_Verify_home_page_all_elements" finished-at="2023-10-05T20:30:14 IST" duration-ms="24608" status="PASS">
          <reporter-output>
          </reporter-output>
        </test-method> <!-- TC_0024_Verify_home_page_all_elements -->
        <test-method is-config="true" signature="logger()[pri:0, instance:Freedo_domain.appium_1@5bf8fa12]" started-at="2023-10-05T20:30:14 IST" name="logger" finished-at="2023-10-05T20:30:14 IST" duration-ms="1" status="PASS">
          <reporter-output>
          </reporter-output>
        </test-method> <!-- logger -->
        <test-method signature="TC_0025_Verify_available_all_bikes()[pri:2, instance:Freedo_domain.appium_1@5bf8fa12]" started-at="2023-10-05T20:30:14 IST" name="TC_0025_Verify_available_all_bikes" finished-at="2023-10-05T20:30:34 IST" duration-ms="19363" status="PASS">
          <reporter-output>
          </reporter-output>
        </test-method> <!-- TC_0025_Verify_available_all_bikes -->
        <test-method is-config="true" signature="logger()[pri:0, instance:Freedo_domain.appium_1@5bf8fa12]" started-at="2023-10-05T20:30:34 IST" name="logger" finished-at="2023-10-05T20:30:34 IST" duration-ms="1" status="PASS">
          <reporter-output>
          </reporter-output>
        </test-method> <!-- logger -->
        <test-method signature="TC_0026_Verify_available_all_Scooters()[pri:3, instance:Freedo_domain.appium_1@5bf8fa12]" started-at="2023-10-05T20:30:34 IST" name="TC_0026_Verify_available_all_Scooters" finished-at="2023-10-05T20:30:40 IST" duration-ms="6288" status="PASS">
          <reporter-output>
          </reporter-output>
        </test-method> <!-- TC_0026_Verify_available_all_Scooters -->
        <test-method is-config="true" signature="logger()[pri:0, instance:Freedo_domain.appium_1@5bf8fa12]" started-at="2023-10-05T20:30:40 IST" name="logger" finished-at="2023-10-05T20:30:40 IST" duration-ms="1" status="PASS">
          <reporter-output>
          </reporter-output>
        </test-method> <!-- logger -->
        <test-method signature="TC_0027_Verify_homepage_bike_rentals_tab_available_bike()[pri:4, instance:Freedo_domain.appium_1@5bf8fa12]" started-at="2023-10-05T20:30:40 IST" name="TC_0027_Verify_homepage_bike_rentals_tab_available_bike" finished-at="2023-10-05T20:31:00 IST" duration-ms="19837" status="PASS">
          <reporter-output>
          </reporter-output>
        </test-method> <!-- TC_0027_Verify_homepage_bike_rentals_tab_available_bike -->
        <test-method is-config="true" signature="logger()[pri:0, instance:Freedo_domain.appium_1@5bf8fa12]" started-at="2023-10-05T20:31:00 IST" name="logger" finished-at="2023-10-05T20:31:00 IST" duration-ms="1" status="PASS">
          <reporter-output>
          </reporter-output>
        </test-method> <!-- logger -->
        <test-method signature="TC_0028_Verify_Rent_tab_all_elements()[pri:5, instance:Freedo_domain.appium_1@5bf8fa12]" started-at="2023-10-05T20:31:00 IST" name="TC_0028_Verify_Rent_tab_all_elements" finished-at="2023-10-05T20:31:15 IST" duration-ms="14917" status="PASS">
          <reporter-output>
          </reporter-output>
        </test-method> <!-- TC_0028_Verify_Rent_tab_all_elements -->
        <test-method signature="TC_0029_Verify_freedo_rental_icon()[pri:6, instance:Freedo_domain.appium_1@5bf8fa12]" started-at="2023-10-05T20:31:15 IST" name="TC_0029_Verify_freedo_rental_icon" finished-at="2023-10-05T20:31:22 IST" duration-ms="7020" status="PASS">
          <reporter-output>
          </reporter-output>
        </test-method> <!-- TC_0029_Verify_freedo_rental_icon -->
        <test-method is-config="true" signature="logger()[pri:0, instance:Freedo_domain.appium_1@5bf8fa12]" started-at="2023-10-05T20:31:15 IST" name="logger" finished-at="2023-10-05T20:31:15 IST" duration-ms="0" status="PASS">
          <reporter-output>
          </reporter-output>
        </test-method> <!-- logger -->
        <test-method is-config="true" signature="logger()[pri:0, instance:Freedo_domain.appium_1@5bf8fa12]" started-at="2023-10-05T20:31:22 IST" name="logger" finished-at="2023-10-05T20:31:22 IST" duration-ms="0" status="PASS">
          <reporter-output>
          </reporter-output>
        </test-method> <!-- logger -->
        <test-method signature="TC_0030_Verify_more_button_all_elements()[pri:7, instance:Freedo_domain.appium_1@5bf8fa12]" started-at="2023-10-05T20:31:22 IST" name="TC_0030_Verify_more_button_all_elements" finished-at="2023-10-05T20:31:44 IST" duration-ms="22655" status="PASS">
          <reporter-output>
          </reporter-output>
        </test-method> <!-- TC_0030_Verify_more_button_all_elements -->
        <test-method is-config="true" signature="logger()[pri:0, instance:Freedo_domain.appium_1@5bf8fa12]" started-at="2023-10-05T20:31:44 IST" name="logger" finished-at="2023-10-05T20:31:44 IST" duration-ms="2" status="PASS">
          <reporter-output>
          </reporter-output>
        </test-method> <!-- logger -->
        <test-method signature="TC_0031_Verify_Booking_elements()[pri:8, instance:Freedo_domain.appium_1@5bf8fa12]" started-at="2023-10-05T20:31:44 IST" name="TC_0031_Verify_Booking_elements" finished-at="2023-10-05T20:32:04 IST" duration-ms="19461" status="PASS">
          <reporter-output>
          </reporter-output>
        </test-method> <!-- TC_0031_Verify_Booking_elements -->
        <test-method is-config="true" signature="logger()[pri:0, instance:Freedo_domain.appium_1@5bf8fa12]" started-at="2023-10-05T20:32:04 IST" name="logger" finished-at="2023-10-05T20:32:04 IST" duration-ms="1" status="PASS">
          <reporter-output>
          </reporter-output>
        </test-method> <!-- logger -->
        <test-method signature="TC_0032_Verify_Booking_elements()[pri:9, instance:Freedo_domain.appium_1@5bf8fa12]" started-at="2023-10-05T20:32:04 IST" name="TC_0032_Verify_Booking_elements" finished-at="2023-10-05T20:32:19 IST" duration-ms="15305" status="PASS">
          <reporter-output>
          </reporter-output>
        </test-method> <!-- TC_0032_Verify_Booking_elements -->
        <test-method is-config="true" signature="logger()[pri:0, instance:Freedo_domain.appium_1@5bf8fa12]" started-at="2023-10-05T20:32:19 IST" name="logger" finished-at="2023-10-05T20:32:19 IST" duration-ms="1" status="PASS">
          <reporter-output>
          </reporter-output>
        </test-method> <!-- logger -->
        <test-method signature="TC_0033_Verify_Bike_button_on_homepage()[pri:10, instance:Freedo_domain.appium_1@5bf8fa12]" started-at="2023-10-05T20:32:19 IST" name="TC_0033_Verify_Bike_button_on_homepage" finished-at="2023-10-05T20:32:32 IST" duration-ms="12972" status="PASS">
          <reporter-output>
          </reporter-output>
        </test-method> <!-- TC_0033_Verify_Bike_button_on_homepage -->
        <test-method is-config="true" signature="logger()[pri:0, instance:Freedo_domain.appium_1@5bf8fa12]" started-at="2023-10-05T20:32:32 IST" name="logger" finished-at="2023-10-05T20:32:32 IST" duration-ms="2" status="PASS">
          <reporter-output>
          </reporter-output>
        </test-method> <!-- logger -->
        <test-method signature="TC_0034_Verify_scooter_button_on_homepage()[pri:11, instance:Freedo_domain.appium_1@5bf8fa12]" started-at="2023-10-05T20:32:32 IST" name="TC_0034_Verify_scooter_button_on_homepage" finished-at="2023-10-05T20:32:41 IST" duration-ms="8528" status="PASS">
          <reporter-output>
          </reporter-output>
        </test-method> <!-- TC_0034_Verify_scooter_button_on_homepage -->
        <test-method is-config="true" signature="logger()[pri:0, instance:Freedo_domain.appium_1@5bf8fa12]" started-at="2023-10-05T20:32:41 IST" name="logger" finished-at="2023-10-05T20:32:41 IST" duration-ms="2" status="PASS">
          <reporter-output>
          </reporter-output>
        </test-method> <!-- logger -->
        <test-method signature="TC_0035_Verify_user_able_to_select_date_and_package_under_booking()[pri:12, instance:Freedo_domain.appium_1@5bf8fa12]" started-at="2023-10-05T20:32:41 IST" name="TC_0035_Verify_user_able_to_select_date_and_package_under_booking" finished-at="2023-10-05T20:33:06 IST" duration-ms="25772" status="PASS">
          <reporter-output>
          </reporter-output>
        </test-method> <!-- TC_0035_Verify_user_able_to_select_date_and_package_under_booking -->
        <test-method is-config="true" signature="logger()[pri:0, instance:Freedo_domain.appium_1@5bf8fa12]" started-at="2023-10-05T20:33:06 IST" name="logger" finished-at="2023-10-05T20:33:06 IST" duration-ms="2" status="PASS">
          <reporter-output>
          </reporter-output>
        </test-method> <!-- logger -->
        <test-method signature="TC_0036_Verify_user_able_to_select_date_and_package_under_booking_all_elements()[pri:13, instance:Freedo_domain.appium_1@5bf8fa12]" started-at="2023-10-05T20:33:06 IST" name="TC_0036_Verify_user_able_to_select_date_and_package_under_booking_all_elements" finished-at="2023-10-05T20:33:27 IST" duration-ms="20034" status="PASS">
          <reporter-output>
          </reporter-output>
        </test-method> <!-- TC_0036_Verify_user_able_to_select_date_and_package_under_booking_all_elements -->
        <test-method is-config="true" signature="logger()[pri:0, instance:Freedo_domain.appium_1@5bf8fa12]" started-at="2023-10-05T20:33:27 IST" name="logger" finished-at="2023-10-05T20:33:27 IST" duration-ms="1" status="PASS">
          <reporter-output>
          </reporter-output>
        </test-method> <!-- logger -->
        <test-method signature="TC_0037_Verify_user_able_to_select_date_and_package_under_booking_all_elements_using_home_delivery()[pri:14, instance:Freedo_domain.appium_1@5bf8fa12]" started-at="2023-10-05T20:33:27 IST" name="TC_0037_Verify_user_able_to_select_date_and_package_under_booking_all_elements_using_home_delivery" finished-at="2023-10-05T20:34:42 IST" duration-ms="75770" status="PASS">
          <reporter-output>
          </reporter-output>
        </test-method> <!-- TC_0037_Verify_user_able_to_select_date_and_package_under_booking_all_elements_using_home_delivery -->
        <test-method is-config="true" signature="logger()[pri:0, instance:Freedo_domain.appium_1@5bf8fa12]" started-at="2023-10-05T20:34:42 IST" name="logger" finished-at="2023-10-05T20:34:42 IST" duration-ms="1" status="PASS">
          <reporter-output>
          </reporter-output>
        </test-method> <!-- logger -->
        <test-method signature="TC_0038_Verify_user_able_to_select_time_slot_afternoon()[pri:15, instance:Freedo_domain.appium_1@5bf8fa12]" started-at="2023-10-05T20:34:42 IST" name="TC_0038_Verify_user_able_to_select_time_slot_afternoon" finished-at="2023-10-05T20:35:34 IST" duration-ms="51726" status="PASS">
          <reporter-output>
          </reporter-output>
        </test-method> <!-- TC_0038_Verify_user_able_to_select_time_slot_afternoon -->
        <test-method is-config="true" signature="logger()[pri:0, instance:Freedo_domain.appium_1@5bf8fa12]" started-at="2023-10-05T20:35:34 IST" name="logger" finished-at="2023-10-05T20:35:34 IST" duration-ms="1" status="PASS">
          <reporter-output>
          </reporter-output>
        </test-method> <!-- logger -->
        <test-method signature="TC_0039_Verify_user_able_to_select_time_slot_Evening()[pri:16, instance:Freedo_domain.appium_1@5bf8fa12]" started-at="2023-10-05T20:35:34 IST" name="TC_0039_Verify_user_able_to_select_time_slot_Evening" finished-at="2023-10-05T20:35:39 IST" duration-ms="5088" status="PASS">
          <reporter-output>
          </reporter-output>
        </test-method> <!-- TC_0039_Verify_user_able_to_select_time_slot_Evening -->
        <test-method signature="TC_0040_Verify_user_able_to_select_time_slot_Morning()[pri:17, instance:Freedo_domain.appium_1@5bf8fa12]" started-at="2023-10-05T20:35:39 IST" name="TC_0040_Verify_user_able_to_select_time_slot_Morning" finished-at="2023-10-05T20:35:45 IST" duration-ms="5958" status="PASS">
          <reporter-output>
          </reporter-output>
        </test-method> <!-- TC_0040_Verify_user_able_to_select_time_slot_Morning -->
        <test-method is-config="true" signature="logger()[pri:0, instance:Freedo_domain.appium_1@5bf8fa12]" started-at="2023-10-05T20:35:39 IST" name="logger" finished-at="2023-10-05T20:35:39 IST" duration-ms="0" status="PASS">
          <reporter-output>
          </reporter-output>
        </test-method> <!-- logger -->
        <test-method is-config="true" signature="logger()[pri:0, instance:Freedo_domain.appium_1@5bf8fa12]" started-at="2023-10-05T20:35:45 IST" name="logger" finished-at="2023-10-05T20:35:45 IST" duration-ms="1" status="PASS">
          <reporter-output>
          </reporter-output>
        </test-method> <!-- logger -->
        <test-method signature="TC_0041_Verify_user_able_to_list_button()[pri:18, instance:Freedo_domain.appium_1@5bf8fa12]" started-at="2023-10-05T20:35:45 IST" name="TC_0041_Verify_user_able_to_list_button" finished-at="2023-10-05T20:35:50 IST" duration-ms="4632" status="PASS">
          <reporter-output>
          </reporter-output>
        </test-method> <!-- TC_0041_Verify_user_able_to_list_button -->
        <test-method is-config="true" signature="logger()[pri:0, instance:Freedo_domain.appium_1@5bf8fa12]" started-at="2023-10-05T20:35:50 IST" name="logger" finished-at="2023-10-05T20:35:50 IST" duration-ms="2" status="PASS">
          <reporter-output>
          </reporter-output>
        </test-method> <!-- logger -->
        <test-method signature="TC_0042_Verify_select_city()[pri:19, instance:Freedo_domain.appium_1@5bf8fa12]" started-at="2023-10-05T20:35:50 IST" name="TC_0042_Verify_select_city" finished-at="2023-10-05T20:36:41 IST" duration-ms="50859" status="PASS">
          <reporter-output>
          </reporter-output>
        </test-method> <!-- TC_0042_Verify_select_city -->
        <test-method is-config="true" signature="logger()[pri:0, instance:Freedo_domain.appium_1@5bf8fa12]" started-at="2023-10-05T20:36:41 IST" name="logger" finished-at="2023-10-05T20:36:41 IST" duration-ms="2" status="PASS">
          <reporter-output>
          </reporter-output>
        </test-method> <!-- logger -->
        <test-method signature="TC_0043_Verify_continue_button_and_summary_page()[pri:20, instance:Freedo_domain.appium_1@5bf8fa12]" started-at="2023-10-05T20:36:41 IST" name="TC_0043_Verify_continue_button_and_summary_page" finished-at="2023-10-05T20:37:21 IST" duration-ms="40005" status="PASS">
          <reporter-output>
          </reporter-output>
        </test-method> <!-- TC_0043_Verify_continue_button_and_summary_page -->
        <test-method is-config="true" signature="logger()[pri:0, instance:Freedo_domain.appium_1@5bf8fa12]" started-at="2023-10-05T20:37:21 IST" name="logger" finished-at="2023-10-05T20:37:21 IST" duration-ms="1" status="PASS">
          <reporter-output>
          </reporter-output>
        </test-method> <!-- logger -->
        <test-method signature="TC_0044_Verify_summary_page_additional_helmet_charges()[pri:21, instance:Freedo_domain.appium_1@5bf8fa12]" started-at="2023-10-05T20:37:21 IST" name="TC_0044_Verify_summary_page_additional_helmet_charges" finished-at="2023-10-05T20:37:35 IST" duration-ms="14499" status="PASS">
          <reporter-output>
          </reporter-output>
        </test-method> <!-- TC_0044_Verify_summary_page_additional_helmet_charges -->
        <test-method is-config="true" signature="logger()[pri:0, instance:Freedo_domain.appium_1@5bf8fa12]" started-at="2023-10-05T20:37:35 IST" name="logger" finished-at="2023-10-05T20:37:35 IST" duration-ms="1" status="PASS">
          <reporter-output>
          </reporter-output>
        </test-method> <!-- logger -->
        <test-method signature="TC_0045_Verify_summary_page_coupon_code()[pri:22, instance:Freedo_domain.appium_1@5bf8fa12]" started-at="2023-10-05T20:37:35 IST" name="TC_0045_Verify_summary_page_coupon_code" finished-at="2023-10-05T20:37:55 IST" duration-ms="20340" status="PASS">
          <reporter-output>
          </reporter-output>
        </test-method> <!-- TC_0045_Verify_summary_page_coupon_code -->
        <test-method is-config="true" signature="logger()[pri:0, instance:Freedo_domain.appium_1@5bf8fa12]" started-at="2023-10-05T20:37:55 IST" name="logger" finished-at="2023-10-05T20:37:55 IST" duration-ms="1" status="PASS">
          <reporter-output>
          </reporter-output>
        </test-method> <!-- logger -->
        <test-method signature="TC_0046_Verify_summary_page_cash_on_delivery_method()[pri:23, instance:Freedo_domain.appium_1@5bf8fa12]" started-at="2023-10-05T20:37:55 IST" name="TC_0046_Verify_summary_page_cash_on_delivery_method" finished-at="2023-10-05T20:38:04 IST" duration-ms="8689" status="PASS">
          <reporter-output>
          </reporter-output>
        </test-method> <!-- TC_0046_Verify_summary_page_cash_on_delivery_method -->
        <test-method is-config="true" signature="logger()[pri:0, instance:Freedo_domain.appium_1@5bf8fa12]" started-at="2023-10-05T20:38:04 IST" name="logger" finished-at="2023-10-05T20:38:04 IST" duration-ms="1" status="PASS">
          <reporter-output>
          </reporter-output>
        </test-method> <!-- logger -->
        <test-method signature="TC_0047_Verify_summary_page_i_accept_checkbox()[pri:24, instance:Freedo_domain.appium_1@5bf8fa12]" started-at="2023-10-05T20:38:04 IST" name="TC_0047_Verify_summary_page_i_accept_checkbox" finished-at="2023-10-05T20:38:10 IST" duration-ms="6201" status="PASS">
          <reporter-output>
          </reporter-output>
        </test-method> <!-- TC_0047_Verify_summary_page_i_accept_checkbox -->
        <test-method is-config="true" signature="logger()[pri:0, instance:Freedo_domain.appium_1@5bf8fa12]" started-at="2023-10-05T20:38:10 IST" name="logger" finished-at="2023-10-05T20:38:10 IST" duration-ms="1" status="PASS">
          <reporter-output>
          </reporter-output>
        </test-method> <!-- logger -->
        <test-method signature="TC_0048_Verify_summary_page_pay_now_button()[pri:25, instance:Freedo_domain.appium_1@5bf8fa12]" started-at="2023-10-05T20:38:10 IST" name="TC_0048_Verify_summary_page_pay_now_button" finished-at="2023-10-05T20:38:44 IST" duration-ms="33304" status="PASS">
          <reporter-output>
          </reporter-output>
        </test-method> <!-- TC_0048_Verify_summary_page_pay_now_button -->
        <test-method is-config="true" signature="logger()[pri:0, instance:Freedo_domain.appium_1@5bf8fa12]" started-at="2023-10-05T20:38:44 IST" name="logger" finished-at="2023-10-05T20:38:44 IST" duration-ms="1" status="PASS">
          <reporter-output>
          </reporter-output>
        </test-method> <!-- logger -->
        <test-method signature="TC_0049_Verify_user_able_to_make_payment()[pri:26, instance:Freedo_domain.appium_1@5bf8fa12]" started-at="2023-10-05T20:38:44 IST" name="TC_0049_Verify_user_able_to_make_payment" finished-at="2023-10-05T20:39:43 IST" duration-ms="58975" status="PASS">
          <reporter-output>
          </reporter-output>
        </test-method> <!-- TC_0049_Verify_user_able_to_make_payment -->
        <test-method is-config="true" signature="logger()[pri:0, instance:Freedo_domain.appium_1@5bf8fa12]" started-at="2023-10-05T20:39:43 IST" name="logger" finished-at="2023-10-05T20:39:43 IST" duration-ms="1" status="PASS">
          <reporter-output>
          </reporter-output>
        </test-method> <!-- logger -->
        <test-method signature="TC_0050_Verify_user_able_to_view_booking_status()[pri:27, instance:Freedo_domain.appium_1@5bf8fa12]" started-at="2023-10-05T20:39:43 IST" name="TC_0050_Verify_user_able_to_view_booking_status" finished-at="2023-10-05T20:39:48 IST" duration-ms="5106" status="PASS">
          <reporter-output>
          </reporter-output>
        </test-method> <!-- TC_0050_Verify_user_able_to_view_booking_status -->
        <test-method is-config="true" signature="logger()[pri:0, instance:Freedo_domain.appium_1@5bf8fa12]" started-at="2023-10-05T20:39:48 IST" name="logger" finished-at="2023-10-05T20:39:48 IST" duration-ms="1" status="PASS">
          <reporter-output>
          </reporter-output>
        </test-method> <!-- logger -->
        <test-method signature="TC_0051_Verify_user_able_to_view_booking_status_all_elements()[pri:28, instance:Freedo_domain.appium_1@5bf8fa12]" started-at="2023-10-05T20:39:48 IST" name="TC_0051_Verify_user_able_to_view_booking_status_all_elements" finished-at="2023-10-05T20:40:24 IST" duration-ms="36592" status="PASS">
          <reporter-output>
          </reporter-output>
        </test-method> <!-- TC_0051_Verify_user_able_to_view_booking_status_all_elements -->
      </class> <!-- Freedo_domain.appium_1 -->
      <class name="Freedo_domain.appium_0">
        <test-method is-config="true" signature="BS()[pri:0, instance:Freedo_domain.appium_0@13330ac6]" started-at="2023-10-05T20:25:41 IST" name="BS" finished-at="2023-10-05T20:25:43 IST" duration-ms="2181" status="PASS">
          <reporter-output>
          </reporter-output>
        </test-method> <!-- BS -->
        <test-method is-config="true" signature="OPEN_AND_INSTALL_APP()[pri:0, instance:Freedo_domain.appium_0@13330ac6]" started-at="2023-10-05T20:25:43 IST" name="OPEN_AND_INSTALL_APP" finished-at="2023-10-05T20:26:49 IST" duration-ms="65762" status="PASS">
          <reporter-output>
          </reporter-output>
        </test-method> <!-- OPEN_AND_INSTALL_APP -->
        <test-method is-config="true" signature="logger()[pri:0, instance:Freedo_domain.appium_0@13330ac6]" started-at="2023-10-05T20:26:49 IST" name="logger" finished-at="2023-10-05T20:26:49 IST" duration-ms="1" status="PASS">
          <reporter-output>
          </reporter-output>
        </test-method> <!-- logger -->
        <test-method signature="TC_001_verify_install_apk()[pri:0, instance:Freedo_domain.appium_0@13330ac6]" started-at="2023-10-05T20:26:49 IST" name="TC_001_verify_install_apk" finished-at="2023-10-05T20:26:58 IST" duration-ms="9467" status="PASS">
          <reporter-output>
          </reporter-output>
        </test-method> <!-- TC_001_verify_install_apk -->
        <test-method is-config="true" signature="logger()[pri:0, instance:Freedo_domain.appium_0@13330ac6]" started-at="2023-10-05T20:26:58 IST" name="logger" finished-at="2023-10-05T20:26:58 IST" duration-ms="1" status="PASS">
          <reporter-output>
          </reporter-output>
        </test-method> <!-- logger -->
        <test-method signature="TC_002_verify_select_pickup_location_date_and_packages()[pri:1, instance:Freedo_domain.appium_0@13330ac6]" started-at="2023-10-05T20:26:58 IST" name="TC_002_verify_select_pickup_location_date_and_packages" finished-at="2023-10-05T20:27:05 IST" duration-ms="6731" status="PASS">
          <reporter-output>
          </reporter-output>
        </test-method> <!-- TC_002_verify_select_pickup_location_date_and_packages -->
        <test-method is-config="true" signature="logger()[pri:0, instance:Freedo_domain.appium_0@13330ac6]" started-at="2023-10-05T20:27:05 IST" name="logger" finished-at="2023-10-05T20:27:05 IST" duration-ms="3" status="PASS">
          <reporter-output>
          </reporter-output>
        </test-method> <!-- logger -->
        <test-method signature="TC_003_Verify_the_NEXT_button_clicking()[pri:2, instance:Freedo_domain.appium_0@13330ac6]" started-at="2023-10-05T20:27:05 IST" name="TC_003_Verify_the_NEXT_button_clicking" finished-at="2023-10-05T20:27:12 IST" duration-ms="7098" status="PASS">
          <reporter-output>
          </reporter-output>
        </test-method> <!-- TC_003_Verify_the_NEXT_button_clicking -->
        <test-method is-config="true" signature="logger()[pri:0, instance:Freedo_domain.appium_0@13330ac6]" started-at="2023-10-05T20:27:12 IST" name="logger" finished-at="2023-10-05T20:27:12 IST" duration-ms="2" status="PASS">
          <reporter-output>
          </reporter-output>
        </test-method> <!-- logger -->
        <test-method signature="TC_004_Verify_the_NEXT_button_clicking()[pri:3, instance:Freedo_domain.appium_0@13330ac6]" started-at="2023-10-05T20:27:12 IST" name="TC_004_Verify_the_NEXT_button_clicking" finished-at="2023-10-05T20:27:18 IST" duration-ms="5625" status="PASS">
          <reporter-output>
          </reporter-output>
        </test-method> <!-- TC_004_Verify_the_NEXT_button_clicking -->
        <test-method is-config="true" signature="logger()[pri:0, instance:Freedo_domain.appium_0@13330ac6]" started-at="2023-10-05T20:27:18 IST" name="logger" finished-at="2023-10-05T20:27:18 IST" duration-ms="2" status="PASS">
          <reporter-output>
          </reporter-output>
        </test-method> <!-- logger -->
        <test-method signature="TC_005_Verify_the_slide_indicator()[pri:4, instance:Freedo_domain.appium_0@13330ac6]" started-at="2023-10-05T20:27:18 IST" name="TC_005_Verify_the_slide_indicator" finished-at="2023-10-05T20:27:20 IST" duration-ms="2334" status="PASS">
          <reporter-output>
          </reporter-output>
        </test-method> <!-- TC_005_Verify_the_slide_indicator -->
        <test-method is-config="true" signature="logger()[pri:0, instance:Freedo_domain.appium_0@13330ac6]" started-at="2023-10-05T20:27:20 IST" name="logger" finished-at="2023-10-05T20:27:20 IST" duration-ms="3" status="PASS">
          <reporter-output>
          </reporter-output>
        </test-method> <!-- logger -->
        <test-method signature="TC_006_Verify_the_Done_button_clicking()[pri:5, instance:Freedo_domain.appium_0@13330ac6]" started-at="2023-10-05T20:27:20 IST" name="TC_006_Verify_the_Done_button_clicking" finished-at="2023-10-05T20:27:23 IST" duration-ms="3175" status="PASS">
          <reporter-output>
          </reporter-output>
        </test-method> <!-- TC_006_Verify_the_Done_button_clicking -->
        <test-method is-config="true" signature="logger()[pri:0, instance:Freedo_domain.appium_0@13330ac6]" started-at="2023-10-05T20:27:23 IST" name="logger" finished-at="2023-10-05T20:27:23 IST" duration-ms="1" status="PASS">
          <reporter-output>
          </reporter-output>
        </test-method> <!-- logger -->
        <test-method signature="TC_007_Verify_login_component()[pri:6, instance:Freedo_domain.appium_0@13330ac6]" started-at="2023-10-05T20:27:23 IST" name="TC_007_Verify_login_component" finished-at="2023-10-05T20:27:29 IST" duration-ms="5458" status="PASS">
          <reporter-output>
          </reporter-output>
        </test-method> <!-- TC_007_Verify_login_component -->
        <test-method is-config="true" signature="logger()[pri:0, instance:Freedo_domain.appium_0@13330ac6]" started-at="2023-10-05T20:27:29 IST" name="logger" finished-at="2023-10-05T20:27:29 IST" duration-ms="0" status="PASS">
          <reporter-output>
          </reporter-output>
        </test-method> <!-- logger -->
        <test-method signature="TC_008_Verify_login_functionality_Register_mo_number()[pri:7, instance:Freedo_domain.appium_0@13330ac6]" started-at="2023-10-05T20:27:29 IST" name="TC_008_Verify_login_functionality_Register_mo_number" finished-at="2023-10-05T20:27:36 IST" duration-ms="7015" status="PASS">
          <reporter-output>
          </reporter-output>
        </test-method> <!-- TC_008_Verify_login_functionality_Register_mo_number -->
        <test-method is-config="true" signature="logger()[pri:0, instance:Freedo_domain.appium_0@13330ac6]" started-at="2023-10-05T20:27:36 IST" name="logger" finished-at="2023-10-05T20:27:36 IST" duration-ms="4" status="PASS">
          <reporter-output>
          </reporter-output>
        </test-method> <!-- logger -->
        <test-method signature="TC_009_verify_login_button_on_create_an_account_page()[pri:8, instance:Freedo_domain.appium_0@13330ac6]" started-at="2023-10-05T20:27:36 IST" name="TC_009_verify_login_button_on_create_an_account_page" finished-at="2023-10-05T20:27:43 IST" duration-ms="7773" status="PASS">
          <reporter-output>
          </reporter-output>
        </test-method> <!-- TC_009_verify_login_button_on_create_an_account_page -->
        <test-method is-config="true" signature="logger()[pri:0, instance:Freedo_domain.appium_0@13330ac6]" started-at="2023-10-05T20:27:43 IST" name="logger" finished-at="2023-10-05T20:27:43 IST" duration-ms="2" status="PASS">
          <reporter-output>
          </reporter-output>
        </test-method> <!-- logger -->
        <test-method signature="TC_0010_verify_create_an_account_by_clicking_login_page()[pri:9, instance:Freedo_domain.appium_0@13330ac6]" started-at="2023-10-05T20:27:43 IST" name="TC_0010_verify_create_an_account_by_clicking_login_page" finished-at="2023-10-05T20:27:52 IST" duration-ms="8364" status="PASS">
          <reporter-output>
          </reporter-output>
        </test-method> <!-- TC_0010_verify_create_an_account_by_clicking_login_page -->
        <test-method is-config="true" signature="logger()[pri:0, instance:Freedo_domain.appium_0@13330ac6]" started-at="2023-10-05T20:27:52 IST" name="logger" finished-at="2023-10-05T20:27:52 IST" duration-ms="2" status="PASS">
          <reporter-output>
          </reporter-output>
        </test-method> <!-- logger -->
        <test-method signature="TC_0011_verify_user_able_to_create_an_account()[pri:10, instance:Freedo_domain.appium_0@13330ac6]" started-at="2023-10-05T20:27:52 IST" name="TC_0011_verify_user_able_to_create_an_account" finished-at="2023-10-05T20:28:16 IST" duration-ms="24339" status="PASS">
          <reporter-output>
          </reporter-output>
        </test-method> <!-- TC_0011_verify_user_able_to_create_an_account -->
        <test-method is-config="true" signature="logger()[pri:0, instance:Freedo_domain.appium_0@13330ac6]" started-at="2023-10-05T20:28:16 IST" name="logger" finished-at="2023-10-05T20:28:16 IST" duration-ms="0" status="PASS">
          <reporter-output>
          </reporter-output>
        </test-method> <!-- logger -->
        <test-method signature="TC_0012_verify_Terms_and_condition_link_on_create_an_account_page()[pri:11, instance:Freedo_domain.appium_0@13330ac6]" started-at="2023-10-05T20:28:16 IST" name="TC_0012_verify_Terms_and_condition_link_on_create_an_account_page" finished-at="2023-10-05T20:28:38 IST" duration-ms="21528" status="PASS">
          <reporter-output>
          </reporter-output>
        </test-method> <!-- TC_0012_verify_Terms_and_condition_link_on_create_an_account_page -->
        <test-method is-config="true" signature="logger()[pri:0, instance:Freedo_domain.appium_0@13330ac6]" started-at="2023-10-05T20:28:38 IST" name="logger" finished-at="2023-10-05T20:28:38 IST" duration-ms="0" status="PASS">
          <reporter-output>
          </reporter-output>
        </test-method> <!-- logger -->
        <test-method signature="TC_0013_verify_Privacy_and_policy_link_on_create_an_account_page()[pri:12, instance:Freedo_domain.appium_0@13330ac6]" started-at="2023-10-05T20:28:38 IST" name="TC_0013_verify_Privacy_and_policy_link_on_create_an_account_page" finished-at="2023-10-05T20:28:43 IST" duration-ms="5089" status="PASS">
          <reporter-output>
          </reporter-output>
        </test-method> <!-- TC_0013_verify_Privacy_and_policy_link_on_create_an_account_page -->
        <test-method is-config="true" signature="logger()[pri:0, instance:Freedo_domain.appium_0@13330ac6]" started-at="2023-10-05T20:28:43 IST" name="logger" finished-at="2023-10-05T20:28:43 IST" duration-ms="2" status="PASS">
          <reporter-output>
          </reporter-output>
        </test-method> <!-- logger -->
        <test-method signature="TC_0014_verify_Privacy_policy_under_Privacy_policy_dropdown_all_element()[pri:13, instance:Freedo_domain.appium_0@13330ac6]" started-at="2023-10-05T20:28:43 IST" name="TC_0014_verify_Privacy_policy_under_Privacy_policy_dropdown_all_element" finished-at="2023-10-05T20:28:50 IST" duration-ms="7460" status="PASS">
          <reporter-output>
          </reporter-output>
        </test-method> <!-- TC_0014_verify_Privacy_policy_under_Privacy_policy_dropdown_all_element -->
        <test-method is-config="true" signature="logger()[pri:0, instance:Freedo_domain.appium_0@13330ac6]" started-at="2023-10-05T20:28:50 IST" name="logger" finished-at="2023-10-05T20:28:50 IST" duration-ms="2" status="PASS">
          <reporter-output>
          </reporter-output>
        </test-method> <!-- logger -->
        <test-method signature="TC_0015_Verify_create_my_account_button()[pri:14, instance:Freedo_domain.appium_0@13330ac6]" started-at="2023-10-05T20:28:50 IST" name="TC_0015_Verify_create_my_account_button" finished-at="2023-10-05T20:28:53 IST" duration-ms="2613" status="PASS">
          <reporter-output>
          </reporter-output>
        </test-method> <!-- TC_0015_Verify_create_my_account_button -->
        <test-method is-config="true" signature="logger()[pri:0, instance:Freedo_domain.appium_0@13330ac6]" started-at="2023-10-05T20:28:53 IST" name="logger" finished-at="2023-10-05T20:28:53 IST" duration-ms="3" status="PASS">
          <reporter-output>
          </reporter-output>
        </test-method> <!-- logger -->
        <test-method signature="TC_0016_Verify_otp_verification_time_slot()[pri:15, instance:Freedo_domain.appium_0@13330ac6]" started-at="2023-10-05T20:28:53 IST" name="TC_0016_Verify_otp_verification_time_slot" finished-at="2023-10-05T20:28:58 IST" duration-ms="5310" status="PASS">
          <reporter-output>
          </reporter-output>
        </test-method> <!-- TC_0016_Verify_otp_verification_time_slot -->
        <test-method is-config="true" signature="logger()[pri:0, instance:Freedo_domain.appium_0@13330ac6]" started-at="2023-10-05T20:28:58 IST" name="logger" finished-at="2023-10-05T20:28:58 IST" duration-ms="1" status="PASS">
          <reporter-output>
          </reporter-output>
        </test-method> <!-- logger -->
        <test-method signature="TC_0017_Verify_OTP_Verification_Page()[pri:16, instance:Freedo_domain.appium_0@13330ac6]" started-at="2023-10-05T20:28:58 IST" name="TC_0017_Verify_OTP_Verification_Page" finished-at="2023-10-05T20:29:11 IST" duration-ms="12961" status="PASS">
          <reporter-output>
          </reporter-output>
        </test-method> <!-- TC_0017_Verify_OTP_Verification_Page -->
        <test-method is-config="true" signature="logger()[pri:0, instance:Freedo_domain.appium_0@13330ac6]" started-at="2023-10-05T20:29:11 IST" name="logger" finished-at="2023-10-05T20:29:11 IST" duration-ms="2" status="PASS">
          <reporter-output>
          </reporter-output>
        </test-method> <!-- logger -->
        <test-method signature="TC_0018_Select_location()[pri:17, instance:Freedo_domain.appium_0@13330ac6]" started-at="2023-10-05T20:29:11 IST" name="TC_0018_Select_location" finished-at="2023-10-05T20:29:23 IST" duration-ms="11915" status="PASS">
          <reporter-output>
          </reporter-output>
        </test-method> <!-- TC_0018_Select_location -->
        <test-method is-config="true" signature="logger()[pri:0, instance:Freedo_domain.appium_0@13330ac6]" started-at="2023-10-05T20:29:23 IST" name="logger" finished-at="2023-10-05T20:29:23 IST" duration-ms="1" status="PASS">
          <reporter-output>
          </reporter-output>
        </test-method> <!-- logger -->
        <test-method signature="TC_0019_verify_user_select_City()[pri:18, instance:Freedo_domain.appium_0@13330ac6]" started-at="2023-10-05T20:29:23 IST" name="TC_0019_verify_user_select_City" finished-at="2023-10-05T20:29:29 IST" duration-ms="5438" status="PASS">
          <reporter-output>
          </reporter-output>
        </test-method> <!-- TC_0019_verify_user_select_City -->
        <test-method is-config="true" signature="logger()[pri:0, instance:Freedo_domain.appium_0@13330ac6]" started-at="2023-10-05T20:29:29 IST" name="logger" finished-at="2023-10-05T20:29:29 IST" duration-ms="3" status="PASS">
          <reporter-output>
          </reporter-output>
        </test-method> <!-- logger -->
        <test-method signature="TC_0020_Search_wrong_city_name()[pri:19, instance:Freedo_domain.appium_0@13330ac6]" started-at="2023-10-05T20:29:29 IST" name="TC_0020_Search_wrong_city_name" finished-at="2023-10-05T20:29:37 IST" duration-ms="8286" status="PASS">
          <reporter-output>
          </reporter-output>
        </test-method> <!-- TC_0020_Search_wrong_city_name -->
        <test-method is-config="true" signature="logger()[pri:0, instance:Freedo_domain.appium_0@13330ac6]" started-at="2023-10-05T20:29:37 IST" name="logger" finished-at="2023-10-05T20:29:37 IST" duration-ms="1" status="PASS">
          <reporter-output>
          </reporter-output>
        </test-method> <!-- logger -->
        <test-method signature="TC_0021_Search_city_name()[pri:20, instance:Freedo_domain.appium_0@13330ac6]" started-at="2023-10-05T20:29:37 IST" name="TC_0021_Search_city_name" finished-at="2023-10-05T20:29:44 IST" duration-ms="7112" status="PASS">
          <reporter-output>
          </reporter-output>
        </test-method> <!-- TC_0021_Search_city_name -->
        <test-method is-config="true" signature="logger()[pri:0, instance:Freedo_domain.appium_0@13330ac6]" started-at="2023-10-05T20:29:44 IST" name="logger" finished-at="2023-10-05T20:29:44 IST" duration-ms="3" status="PASS">
          <reporter-output>
          </reporter-output>
        </test-method> <!-- logger -->
        <test-method signature="TC_0022_Select_all__City()[pri:21, instance:Freedo_domain.appium_0@13330ac6]" started-at="2023-10-05T20:29:44 IST" name="TC_0022_Select_all__City" finished-at="2023-10-05T20:29:47 IST" duration-ms="2701" status="PASS">
          <reporter-output>
          </reporter-output>
        </test-method> <!-- TC_0022_Select_all__City -->
        <test-method is-config="true" signature="logger()[pri:0, instance:Freedo_domain.appium_0@13330ac6]" started-at="2023-10-05T20:29:47 IST" name="logger" finished-at="2023-10-05T20:29:47 IST" duration-ms="1" status="PASS">
          <reporter-output>
          </reporter-output>
        </test-method> <!-- logger -->
        <test-method signature="TC_0023_Verify_location_popup()[pri:22, instance:Freedo_domain.appium_0@13330ac6]" started-at="2023-10-05T20:29:47 IST" name="TC_0023_Verify_location_popup" finished-at="2023-10-05T20:29:50 IST" duration-ms="3047" status="PASS">
          <reporter-output>
          </reporter-output>
        </test-method> <!-- TC_0023_Verify_location_popup -->
      </class> <!-- Freedo_domain.appium_0 -->
    </test> <!-- Test -->
  </suite> <!-- Suite -->
</testng-results>
